<?xml version="1.0" encoding="UTF-8"?>
<testsuites name="Mocha Tests" time="0.0000" tests="4" failures="4">
  <testsuite name="Root Suite" timestamp="2022-07-15T05:59:25" tests="0" file="cypress\e2e\signup.spec.js" time="0.0000" failures="0">
  </testsuite>
  <testsuite name="the signup page" timestamp="2022-07-15T05:59:25" tests="4" time="0.0000" failures="4">
    <testcase name="the signup page user can authenticate using the signup form" time="0.0000" classname="user can authenticate using the signup form">
      <failure message="`cy.visit()` failed trying to load:

/login

We failed looking for this file at the path:

/userPract/pract/mernTodo/client/login

The internal Cypress web server responded with:

  &gt; 404: Not Found" type="CypressError"><![CDATA[CypressError: `cy.visit()` failed trying to load:

/login

We failed looking for this file at the path:

/userPract/pract/mernTodo/client/login

The internal Cypress web server responded with:

  > 404: Not Found
    at http://localhost:51285/__cypress/runner/cypress_runner.js:156624:84
    at visitFailedByErr (http://localhost:51285/__cypress/runner/cypress_runner.js:155945:12)
    at http://localhost:51285/__cypress/runner/cypress_runner.js:156604:13
    at tryCatcher (http://localhost:51285/__cypress/runner/cypress_runner.js:13012:23)
    at Promise._settlePromiseFromHandler (http://localhost:51285/__cypress/runner/cypress_runner.js:10947:31)
    at Promise._settlePromise (http://localhost:51285/__cypress/runner/cypress_runner.js:11004:18)
    at Promise._settlePromise0 (http://localhost:51285/__cypress/runner/cypress_runner.js:11049:10)
    at Promise._settlePromises (http://localhost:51285/__cypress/runner/cypress_runner.js:11125:18)
    at _drainQueueStep (http://localhost:51285/__cypress/runner/cypress_runner.js:7719:12)
    at _drainQueue (http://localhost:51285/__cypress/runner/cypress_runner.js:7712:9)
    at Async.../../node_modules/bluebird/js/release/async.js.Async._drainQueues (http://localhost:51285/__cypress/runner/cypress_runner.js:7728:5)
    at Async.drainQueues (http://localhost:51285/__cypress/runner/cypress_runner.js:7598:14)
From Your Spec Code:
    at Context.eval (http://localhost:51285/__cypress/tests?p=cypress\e2e\signup.spec.js:116:8)]]></failure>
    </testcase>
    <testcase name="the signup page input name less than 6" time="0.0000" classname="input name less than 6">
      <failure message="`cy.visit()` failed trying to load:

/login

We failed looking for this file at the path:

/userPract/pract/mernTodo/client/login

The internal Cypress web server responded with:

  &gt; 404: Not Found" type="CypressError"><![CDATA[CypressError: `cy.visit()` failed trying to load:

/login

We failed looking for this file at the path:

/userPract/pract/mernTodo/client/login

The internal Cypress web server responded with:

  > 404: Not Found
    at http://localhost:51285/__cypress/runner/cypress_runner.js:156624:84
    at visitFailedByErr (http://localhost:51285/__cypress/runner/cypress_runner.js:155945:12)
    at http://localhost:51285/__cypress/runner/cypress_runner.js:156604:13
    at tryCatcher (http://localhost:51285/__cypress/runner/cypress_runner.js:13012:23)
    at Promise._settlePromiseFromHandler (http://localhost:51285/__cypress/runner/cypress_runner.js:10947:31)
    at Promise._settlePromise (http://localhost:51285/__cypress/runner/cypress_runner.js:11004:18)
    at Promise._settlePromise0 (http://localhost:51285/__cypress/runner/cypress_runner.js:11049:10)
    at Promise._settlePromises (http://localhost:51285/__cypress/runner/cypress_runner.js:11125:18)
    at _drainQueueStep (http://localhost:51285/__cypress/runner/cypress_runner.js:7719:12)
    at _drainQueue (http://localhost:51285/__cypress/runner/cypress_runner.js:7712:9)
    at Async.../../node_modules/bluebird/js/release/async.js.Async._drainQueues (http://localhost:51285/__cypress/runner/cypress_runner.js:7728:5)
    at Async.drainQueues (http://localhost:51285/__cypress/runner/cypress_runner.js:7598:14)
From Your Spec Code:
    at Context.eval (http://localhost:51285/__cypress/tests?p=cypress\e2e\signup.spec.js:169:8)]]></failure>
    </testcase>
    <testcase name="the signup page input password less than 6" time="0.0000" classname="input password less than 6">
      <failure message="`cy.visit()` failed trying to load:

/login

We failed looking for this file at the path:

/userPract/pract/mernTodo/client/login

The internal Cypress web server responded with:

  &gt; 404: Not Found" type="CypressError"><![CDATA[CypressError: `cy.visit()` failed trying to load:

/login

We failed looking for this file at the path:

/userPract/pract/mernTodo/client/login

The internal Cypress web server responded with:

  > 404: Not Found
    at http://localhost:51285/__cypress/runner/cypress_runner.js:156624:84
    at visitFailedByErr (http://localhost:51285/__cypress/runner/cypress_runner.js:155945:12)
    at http://localhost:51285/__cypress/runner/cypress_runner.js:156604:13
    at tryCatcher (http://localhost:51285/__cypress/runner/cypress_runner.js:13012:23)
    at Promise._settlePromiseFromHandler (http://localhost:51285/__cypress/runner/cypress_runner.js:10947:31)
    at Promise._settlePromise (http://localhost:51285/__cypress/runner/cypress_runner.js:11004:18)
    at Promise._settlePromise0 (http://localhost:51285/__cypress/runner/cypress_runner.js:11049:10)
    at Promise._settlePromises (http://localhost:51285/__cypress/runner/cypress_runner.js:11125:18)
    at _drainQueueStep (http://localhost:51285/__cypress/runner/cypress_runner.js:7719:12)
    at _drainQueue (http://localhost:51285/__cypress/runner/cypress_runner.js:7712:9)
    at Async.../../node_modules/bluebird/js/release/async.js.Async._drainQueues (http://localhost:51285/__cypress/runner/cypress_runner.js:7728:5)
    at Async.drainQueues (http://localhost:51285/__cypress/runner/cypress_runner.js:7598:14)
From Your Spec Code:
    at Context.eval (http://localhost:51285/__cypress/tests?p=cypress\e2e\signup.spec.js:186:8)]]></failure>
    </testcase>
    <testcase name="the signup page input password do not match passwordConfirm" time="0.0000" classname="input password do not match passwordConfirm">
      <failure message="`cy.visit()` failed trying to load:

/login

We failed looking for this file at the path:

/userPract/pract/mernTodo/client/login

The internal Cypress web server responded with:

  &gt; 404: Not Found" type="CypressError"><![CDATA[CypressError: `cy.visit()` failed trying to load:

/login

We failed looking for this file at the path:

/userPract/pract/mernTodo/client/login

The internal Cypress web server responded with:

  > 404: Not Found
    at http://localhost:51285/__cypress/runner/cypress_runner.js:156624:84
    at visitFailedByErr (http://localhost:51285/__cypress/runner/cypress_runner.js:155945:12)
    at http://localhost:51285/__cypress/runner/cypress_runner.js:156604:13
    at tryCatcher (http://localhost:51285/__cypress/runner/cypress_runner.js:13012:23)
    at Promise._settlePromiseFromHandler (http://localhost:51285/__cypress/runner/cypress_runner.js:10947:31)
    at Promise._settlePromise (http://localhost:51285/__cypress/runner/cypress_runner.js:11004:18)
    at Promise._settlePromise0 (http://localhost:51285/__cypress/runner/cypress_runner.js:11049:10)
    at Promise._settlePromises (http://localhost:51285/__cypress/runner/cypress_runner.js:11125:18)
    at _drainQueueStep (http://localhost:51285/__cypress/runner/cypress_runner.js:7719:12)
    at _drainQueue (http://localhost:51285/__cypress/runner/cypress_runner.js:7712:9)
    at Async.../../node_modules/bluebird/js/release/async.js.Async._drainQueues (http://localhost:51285/__cypress/runner/cypress_runner.js:7728:5)
    at Async.drainQueues (http://localhost:51285/__cypress/runner/cypress_runner.js:7598:14)
From Your Spec Code:
    at Context.eval (http://localhost:51285/__cypress/tests?p=cypress\e2e\signup.spec.js:203:8)]]></failure>
    </testcase>
  </testsuite>
</testsuites>